{"/Users/shubhjotsingh/Documents/githubRepos/onboarding-assignment-updated/ecommerce-app/src/EcommerceComponent/constants.js": {"path":"/Users/shubhjotsingh/Documents/githubRepos/onboarding-assignment-updated/ecommerce-app/src/EcommerceComponent/constants.js","statementMap":{"0":{"start":{"line":1,"column":30},"end":{"line":11,"column":3}}},"fnMap":{},"branchMap":{},"s":{"0":0},"f":{},"b":{}}
,"/Users/shubhjotsingh/Documents/githubRepos/onboarding-assignment-updated/ecommerce-app/src/EcommerceComponent/utils.js": {"path":"/Users/shubhjotsingh/Documents/githubRepos/onboarding-assignment-updated/ecommerce-app/src/EcommerceComponent/utils.js","statementMap":{"0":{"start":{"line":1,"column":27},"end":{"line":1,"column":55}}},"fnMap":{},"branchMap":{},"s":{"0":0},"f":{},"b":{}}
,"/Users/shubhjotsingh/Documents/githubRepos/onboarding-assignment-updated/ecommerce-app/src/redux/cartSlice.js": {"path":"/Users/shubhjotsingh/Documents/githubRepos/onboarding-assignment-updated/ecommerce-app/src/redux/cartSlice.js","statementMap":{"0":{"start":{"line":3,"column":21},"end":{"line":5,"column":1}},"1":{"start":{"line":7,"column":18},"end":{"line":29,"column":2}},"2":{"start":{"line":12,"column":19},"end":{"line":12,"column":33}},"3":{"start":{"line":13,"column":27},"end":{"line":13,"column":82}},"4":{"start":{"line":13,"column":58},"end":{"line":13,"column":81}},"5":{"start":{"line":15,"column":6},"end":{"line":19,"column":7}},"6":{"start":{"line":16,"column":8},"end":{"line":16,"column":47}},"7":{"start":{"line":18,"column":8},"end":{"line":18,"column":31}},"8":{"start":{"line":22,"column":21},"end":{"line":22,"column":35}},"9":{"start":{"line":23,"column":6},"end":{"line":23,"column":69}},"10":{"start":{"line":23,"column":49},"end":{"line":23,"column":67}},"11":{"start":{"line":26,"column":6},"end":{"line":26,"column":23}},"12":{"start":{"line":31,"column":56},"end":{"line":31,"column":73}}},"fnMap":{"0":{"name":"(anonymous_0)","decl":{"start":{"line":11,"column":15},"end":{"line":11,"column":16}},"loc":{"start":{"line":11,"column":34},"end":{"line":20,"column":5}},"line":11},"1":{"name":"(anonymous_1)","decl":{"start":{"line":13,"column":44},"end":{"line":13,"column":45}},"loc":{"start":{"line":13,"column":58},"end":{"line":13,"column":81}},"line":13},"2":{"name":"(anonymous_2)","decl":{"start":{"line":21,"column":20},"end":{"line":21,"column":21}},"loc":{"start":{"line":21,"column":39},"end":{"line":24,"column":5}},"line":21},"3":{"name":"(anonymous_3)","decl":{"start":{"line":23,"column":39},"end":{"line":23,"column":40}},"loc":{"start":{"line":23,"column":49},"end":{"line":23,"column":67}},"line":23},"4":{"name":"(anonymous_4)","decl":{"start":{"line":25,"column":15},"end":{"line":25,"column":16}},"loc":{"start":{"line":25,"column":26},"end":{"line":27,"column":5}},"line":25}},"branchMap":{"0":{"loc":{"start":{"line":15,"column":6},"end":{"line":19,"column":7}},"type":"if","locations":[{"start":{"line":15,"column":6},"end":{"line":19,"column":7}},{"start":{"line":17,"column":13},"end":{"line":19,"column":7}}],"line":15}},"s":{"0":0,"1":0,"2":0,"3":0,"4":0,"5":0,"6":0,"7":0,"8":0,"9":0,"10":0,"11":0,"12":0},"f":{"0":0,"1":0,"2":0,"3":0,"4":0},"b":{"0":[0,0]}}
,"/Users/shubhjotsingh/Documents/githubRepos/onboarding-assignment-updated/ecommerce-app/src/redux/filterSlice.js": {"path":"/Users/shubhjotsingh/Documents/githubRepos/onboarding-assignment-updated/ecommerce-app/src/redux/filterSlice.js","statementMap":{"0":{"start":{"line":3,"column":20},"end":{"line":22,"column":2}},"1":{"start":{"line":13,"column":6},"end":{"line":13,"column":45}},"2":{"start":{"line":16,"column":6},"end":{"line":19,"column":8}},"3":{"start":{"line":24,"column":44},"end":{"line":24,"column":63}}},"fnMap":{"0":{"name":"(anonymous_0)","decl":{"start":{"line":12,"column":16},"end":{"line":12,"column":17}},"loc":{"start":{"line":12,"column":35},"end":{"line":14,"column":5}},"line":12},"1":{"name":"(anonymous_1)","decl":{"start":{"line":15,"column":18},"end":{"line":15,"column":19}},"loc":{"start":{"line":15,"column":29},"end":{"line":20,"column":5}},"line":15}},"branchMap":{},"s":{"0":0,"1":0,"2":0,"3":0},"f":{"0":0,"1":0},"b":{}}
,"/Users/shubhjotsingh/Documents/githubRepos/onboarding-assignment-updated/ecommerce-app/src/redux/ordersSlice.js": {"path":"/Users/shubhjotsingh/Documents/githubRepos/onboarding-assignment-updated/ecommerce-app/src/redux/ordersSlice.js","statementMap":{"0":{"start":{"line":3,"column":21},"end":{"line":5,"column":1}},"1":{"start":{"line":7,"column":20},"end":{"line":15,"column":2}},"2":{"start":{"line":12,"column":6},"end":{"line":12,"column":40}},"3":{"start":{"line":17,"column":28},"end":{"line":17,"column":47}}},"fnMap":{"0":{"name":"(anonymous_0)","decl":{"start":{"line":11,"column":14},"end":{"line":11,"column":15}},"loc":{"start":{"line":11,"column":33},"end":{"line":13,"column":5}},"line":11}},"branchMap":{},"s":{"0":0,"1":0,"2":0,"3":0},"f":{"0":0},"b":{}}
,"/Users/shubhjotsingh/Documents/githubRepos/onboarding-assignment-updated/ecommerce-app/src/redux/store.js": {"path":"/Users/shubhjotsingh/Documents/githubRepos/onboarding-assignment-updated/ecommerce-app/src/redux/store.js","statementMap":{"0":{"start":{"line":6,"column":21},"end":{"line":12,"column":2}}},"fnMap":{},"branchMap":{},"s":{"0":0},"f":{},"b":{}}
,"/Users/shubhjotsingh/Documents/githubRepos/onboarding-assignment-updated/ecommerce-app/src/services/getAllProductCategories.js": {"path":"/Users/shubhjotsingh/Documents/githubRepos/onboarding-assignment-updated/ecommerce-app/src/services/getAllProductCategories.js","statementMap":{"0":{"start":{"line":1,"column":36},"end":{"line":13,"column":3}},"1":{"start":{"line":3,"column":6},"end":{"line":3,"column":71}},"2":{"start":{"line":5,"column":4},"end":{"line":12,"column":5}},"3":{"start":{"line":6,"column":23},"end":{"line":6,"column":39}},"4":{"start":{"line":7,"column":19},"end":{"line":7,"column":40}},"5":{"start":{"line":8,"column":6},"end":{"line":8,"column":18}},"6":{"start":{"line":10,"column":6},"end":{"line":10,"column":76}},"7":{"start":{"line":11,"column":6},"end":{"line":11,"column":18}}},"fnMap":{"0":{"name":"(anonymous_0)","decl":{"start":{"line":1,"column":36},"end":{"line":1,"column":37}},"loc":{"start":{"line":1,"column":48},"end":{"line":13,"column":3}},"line":1}},"branchMap":{},"s":{"0":0,"1":0,"2":0,"3":0,"4":0,"5":0,"6":0,"7":0},"f":{"0":0},"b":{}}
,"/Users/shubhjotsingh/Documents/githubRepos/onboarding-assignment-updated/ecommerce-app/src/services/getProductDetails.js": {"path":"/Users/shubhjotsingh/Documents/githubRepos/onboarding-assignment-updated/ecommerce-app/src/services/getProductDetails.js","statementMap":{"0":{"start":{"line":1,"column":33},"end":{"line":13,"column":3}},"1":{"start":{"line":2,"column":24},"end":{"line":2,"column":30}},"2":{"start":{"line":3,"column":16},"end":{"line":3,"column":83}},"3":{"start":{"line":5,"column":4},"end":{"line":12,"column":5}},"4":{"start":{"line":6,"column":23},"end":{"line":6,"column":39}},"5":{"start":{"line":7,"column":19},"end":{"line":7,"column":40}},"6":{"start":{"line":8,"column":6},"end":{"line":8,"column":18}},"7":{"start":{"line":10,"column":6},"end":{"line":10,"column":76}},"8":{"start":{"line":11,"column":6},"end":{"line":11,"column":18}}},"fnMap":{"0":{"name":"(anonymous_0)","decl":{"start":{"line":1,"column":33},"end":{"line":1,"column":34}},"loc":{"start":{"line":1,"column":51},"end":{"line":13,"column":3}},"line":1}},"branchMap":{},"s":{"0":0,"1":0,"2":0,"3":0,"4":0,"5":0,"6":0,"7":0,"8":0},"f":{"0":0},"b":{}}
,"/Users/shubhjotsingh/Documents/githubRepos/onboarding-assignment-updated/ecommerce-app/src/services/getProductList.js": {"path":"/Users/shubhjotsingh/Documents/githubRepos/onboarding-assignment-updated/ecommerce-app/src/services/getProductList.js","statementMap":{"0":{"start":{"line":1,"column":30},"end":{"line":17,"column":3}},"1":{"start":{"line":2,"column":59},"end":{"line":2,"column":65}},"2":{"start":{"line":3,"column":32},"end":{"line":3,"column":89}},"3":{"start":{"line":4,"column":26},"end":{"line":4,"column":47}},"4":{"start":{"line":5,"column":26},"end":{"line":5,"column":50}},"5":{"start":{"line":6,"column":4},"end":{"line":6,"column":60}},"6":{"start":{"line":7,"column":16},"end":{"line":7,"column":175}},"7":{"start":{"line":9,"column":4},"end":{"line":16,"column":5}},"8":{"start":{"line":10,"column":23},"end":{"line":10,"column":39}},"9":{"start":{"line":11,"column":19},"end":{"line":11,"column":40}},"10":{"start":{"line":12,"column":6},"end":{"line":12,"column":18}},"11":{"start":{"line":14,"column":6},"end":{"line":14,"column":76}},"12":{"start":{"line":15,"column":6},"end":{"line":15,"column":18}}},"fnMap":{"0":{"name":"(anonymous_0)","decl":{"start":{"line":1,"column":30},"end":{"line":1,"column":31}},"loc":{"start":{"line":1,"column":48},"end":{"line":17,"column":3}},"line":1}},"branchMap":{"0":{"loc":{"start":{"line":3,"column":32},"end":{"line":3,"column":89}},"type":"cond-expr","locations":[{"start":{"line":3,"column":50},"end":{"line":3,"column":66}},{"start":{"line":3,"column":68},"end":{"line":3,"column":89}}],"line":3},"1":{"loc":{"start":{"line":4,"column":26},"end":{"line":4,"column":47}},"type":"cond-expr","locations":[{"start":{"line":4,"column":37},"end":{"line":4,"column":45}},{"start":{"line":4,"column":46},"end":{"line":4,"column":47}}],"line":4},"2":{"loc":{"start":{"line":5,"column":26},"end":{"line":5,"column":50}},"type":"cond-expr","locations":[{"start":{"line":5,"column":36},"end":{"line":5,"column":44}},{"start":{"line":5,"column":46},"end":{"line":5,"column":50}}],"line":5}},"s":{"0":0,"1":0,"2":0,"3":0,"4":0,"5":0,"6":0,"7":0,"8":0,"9":0,"10":0,"11":0,"12":0},"f":{"0":0},"b":{"0":[0,0],"1":[0,0],"2":[0,0]}}
,"/Users/shubhjotsingh/Documents/githubRepos/onboarding-assignment-updated/ecommerce-app/src/shared/useCartQuantities.js": {"path":"/Users/shubhjotsingh/Documents/githubRepos/onboarding-assignment-updated/ecommerce-app/src/shared/useCartQuantities.js","statementMap":{"0":{"start":{"line":3,"column":26},"end":{"line":11,"column":1}},"1":{"start":{"line":4,"column":20},"end":{"line":4,"column":60}},"2":{"start":{"line":4,"column":43},"end":{"line":4,"column":59}},"3":{"start":{"line":5,"column":24},"end":{"line":5,"column":83}},"4":{"start":{"line":5,"column":58},"end":{"line":5,"column":79}},"5":{"start":{"line":7,"column":2},"end":{"line":10,"column":4}}},"fnMap":{"0":{"name":"(anonymous_0)","decl":{"start":{"line":3,"column":26},"end":{"line":3,"column":27}},"loc":{"start":{"line":3,"column":32},"end":{"line":11,"column":1}},"line":3},"1":{"name":"(anonymous_1)","decl":{"start":{"line":4,"column":32},"end":{"line":4,"column":33}},"loc":{"start":{"line":4,"column":43},"end":{"line":4,"column":59}},"line":4},"2":{"name":"(anonymous_2)","decl":{"start":{"line":5,"column":41},"end":{"line":5,"column":42}},"loc":{"start":{"line":5,"column":58},"end":{"line":5,"column":79}},"line":5}},"branchMap":{},"s":{"0":0,"1":0,"2":0,"3":0,"4":0,"5":0},"f":{"0":0,"1":0,"2":0},"b":{}}
}
